2025-11-07 11:33:26,603 [INFO] <BrokerConnection client_id=kafka-python-2.2.15, node_id=bootstrap-0 host=localhost:9092 <connecting> [IPv6 ('::1', 9092, 0, 0)]>: connecting to localhost:9092 [('::1', 9092, 0, 0) IPv6]
2025-11-07 11:33:26,635 [INFO] <BrokerConnection client_id=kafka-python-2.2.15, node_id=bootstrap-0 host=localhost:9092 <checking_api_versions_recv> [IPv6 ('::1', 9092, 0, 0)]>: Broker version identified as 2.6
2025-11-07 11:33:26,635 [INFO] <BrokerConnection client_id=kafka-python-2.2.15, node_id=bootstrap-0 host=localhost:9092 <connected> [IPv6 ('::1', 9092, 0, 0)]>: Connection complete.
2025-11-07 11:33:26,635 [INFO] Updating subscribed topics to: ('gps',)
2025-11-07 11:33:26,641 [INFO] <BrokerConnection client_id=kafka-python-2.2.15, node_id=1 host=localhost:9092 <connecting> [IPv6 ('::1', 9092, 0, 0)]>: connecting to localhost:9092 [('::1', 9092, 0, 0) IPv6]
2025-11-07 11:33:26,746 [INFO] <BrokerConnection client_id=kafka-python-2.2.15, node_id=1 host=localhost:9092 <connected> [IPv6 ('::1', 9092, 0, 0)]>: Connection complete.
2025-11-07 11:33:26,746 [INFO] <BrokerConnection client_id=kafka-python-2.2.15, node_id=bootstrap-0 host=localhost:9092 <connected> [IPv6 ('::1', 9092, 0, 0)]>: Closing connection. 
2025-11-07 11:33:26,884 [INFO] Coordinator for group/gps_group is BrokerMetadata(nodeId='coordinator-1', host='localhost', port=9092, rack=None)
2025-11-07 11:33:26,884 [INFO] Discovered coordinator coordinator-1 for group gps_group
2025-11-07 11:33:26,884 [INFO] Starting new heartbeat thread
2025-11-07 11:33:26,884 [INFO] Revoking previously assigned partitions set() for group gps_group
2025-11-07 11:33:26,885 [INFO] Failed to join group gps_group: NodeNotReadyError: coordinator-1
2025-11-07 11:33:26,886 [INFO] <BrokerConnection client_id=kafka-python-2.2.15, node_id=coordinator-1 host=localhost:9092 <connecting> [IPv6 ('::1', 9092, 0, 0)]>: connecting to localhost:9092 [('::1', 9092, 0, 0) IPv6]
2025-11-07 11:33:26,990 [INFO] Failed to join group gps_group: NodeNotReadyError: coordinator-1
2025-11-07 11:33:26,991 [INFO] <BrokerConnection client_id=kafka-python-2.2.15, node_id=coordinator-1 host=localhost:9092 <connected> [IPv6 ('::1', 9092, 0, 0)]>: Connection complete.
2025-11-07 11:33:27,095 [INFO] (Re-)joining group gps_group
2025-11-07 11:33:27,114 [INFO] Received member id kafka-python-2.2.15-e31558e2-a0fe-4c07-976b-161f6354b5ff for group gps_group; will retry join-group
2025-11-07 11:33:27,114 [INFO] Failed to join group gps_group: [Error 79] MemberIdRequiredError
2025-11-07 11:33:27,115 [INFO] (Re-)joining group gps_group
2025-11-07 11:33:30,127 [INFO] Successfully joined group gps_group <Generation 1 (member_id: kafka-python-2.2.15-e31558e2-a0fe-4c07-976b-161f6354b5ff, protocol: range)>
2025-11-07 11:33:30,128 [INFO] Elected group leader -- performing partition assignments using range
2025-11-07 11:33:30,143 [INFO] Updated partition assignment: [TopicPartition(topic='gps', partition=0)]
2025-11-07 11:33:30,143 [INFO] Setting newly assigned partitions {TopicPartition(topic='gps', partition=0)} for group gps_group
2025-11-07 11:33:30,153 [INFO] Resetting offset for partition TopicPartition(topic='gps', partition=0) to offset 0.
2025-11-07 11:33:30,156 [INFO] Received: {'taxi_id': 1, 'lat': 41.9028, 'lon': 12.4964, 'timestamp': '2025-11-06T10:00:00'}
2025-11-07 11:33:30,156 [INFO] Received: {'taxi_id': 1, 'lat': 41.903, 'lon': 12.497, 'timestamp': '2025-11-06T10:00:05'}
2025-11-07 11:33:30,156 [INFO] Received: {'taxi_id': 2, 'lat': 41.8902, 'lon': 12.4922, 'timestamp': '2025-11-06T10:00:10'}
2025-11-07 11:33:56,458 [INFO] Received: {'taxi_id': 1, 'lat': 41.9028, 'lon': 12.4964, 'timestamp': '2025-11-06T10:00:00'}
2025-11-07 11:33:57,460 [INFO] Received: {'taxi_id': 1, 'lat': 41.903, 'lon': 12.497, 'timestamp': '2025-11-06T10:00:05'}
2025-11-07 11:33:57,460 [ERROR] Error: from_df(): incompatible function arguments. The following argument types are supported:
    1. (df: pandas.DataFrame, *, connection: duckdb.DuckDBPyConnection = None) -> _duckdb.DuckDBPyRelation

Invoked with: [{'taxi_id': 1, 'lat': 41.9028, 'lon': 12.4964, 'timestamp': '2025-11-06T10:00:00'}, {'taxi_id': 1, 'lat': 41.903, 'lon': 12.497, 'timestamp': '2025-11-06T10:00:05'}, {'taxi_id': 2, 'lat': 41.8902, 'lon': 12.4922, 'timestamp': '2025-11-06T10:00:10'}, {'taxi_id': 1, 'lat': 41.9028, 'lon': 12.4964, 'timestamp': '2025-11-06T10:00:00'}, {'taxi_id': 1, 'lat': 41.903, 'lon': 12.497, 'timestamp': '2025-11-06T10:00:05'}]
2025-11-07 11:33:58,470 [INFO] Received: {'taxi_id': 2, 'lat': 41.8902, 'lon': 12.4922, 'timestamp': '2025-11-06T10:00:10'}
2025-11-07 11:33:58,471 [ERROR] Error: from_df(): incompatible function arguments. The following argument types are supported:
    1. (df: pandas.DataFrame, *, connection: duckdb.DuckDBPyConnection = None) -> _duckdb.DuckDBPyRelation

Invoked with: [{'taxi_id': 1, 'lat': 41.9028, 'lon': 12.4964, 'timestamp': '2025-11-06T10:00:00'}, {'taxi_id': 1, 'lat': 41.903, 'lon': 12.497, 'timestamp': '2025-11-06T10:00:05'}, {'taxi_id': 2, 'lat': 41.8902, 'lon': 12.4922, 'timestamp': '2025-11-06T10:00:10'}, {'taxi_id': 1, 'lat': 41.9028, 'lon': 12.4964, 'timestamp': '2025-11-06T10:00:00'}, {'taxi_id': 1, 'lat': 41.903, 'lon': 12.497, 'timestamp': '2025-11-06T10:00:05'}, {'taxi_id': 2, 'lat': 41.8902, 'lon': 12.4922, 'timestamp': '2025-11-06T10:00:10'}]
2025-11-07 11:34:40,344 [INFO] Received: {'taxi_id': 1, 'lat': 41.9028, 'lon': 12.4964, 'timestamp': '2025-11-06T10:00:00'}
2025-11-07 11:34:40,345 [ERROR] Error: from_df(): incompatible function arguments. The following argument types are supported:
    1. (df: pandas.DataFrame, *, connection: duckdb.DuckDBPyConnection = None) -> _duckdb.DuckDBPyRelation

Invoked with: [{'taxi_id': 1, 'lat': 41.9028, 'lon': 12.4964, 'timestamp': '2025-11-06T10:00:00'}, {'taxi_id': 1, 'lat': 41.903, 'lon': 12.497, 'timestamp': '2025-11-06T10:00:05'}, {'taxi_id': 2, 'lat': 41.8902, 'lon': 12.4922, 'timestamp': '2025-11-06T10:00:10'}, {'taxi_id': 1, 'lat': 41.9028, 'lon': 12.4964, 'timestamp': '2025-11-06T10:00:00'}, {'taxi_id': 1, 'lat': 41.903, 'lon': 12.497, 'timestamp': '2025-11-06T10:00:05'}, {'taxi_id': 2, 'lat': 41.8902, 'lon': 12.4922, 'timestamp': '2025-11-06T10:00:10'}, {'taxi_id': 1, 'lat': 41.9028, 'lon': 12.4964, 'timestamp': '2025-11-06T10:00:00'}]
2025-11-07 11:34:41,354 [INFO] Received: {'taxi_id': 1, 'lat': 41.903, 'lon': 12.497, 'timestamp': '2025-11-06T10:00:05'}
2025-11-07 11:34:41,354 [ERROR] Error: from_df(): incompatible function arguments. The following argument types are supported:
    1. (df: pandas.DataFrame, *, connection: duckdb.DuckDBPyConnection = None) -> _duckdb.DuckDBPyRelation

Invoked with: [{'taxi_id': 1, 'lat': 41.9028, 'lon': 12.4964, 'timestamp': '2025-11-06T10:00:00'}, {'taxi_id': 1, 'lat': 41.903, 'lon': 12.497, 'timestamp': '2025-11-06T10:00:05'}, {'taxi_id': 2, 'lat': 41.8902, 'lon': 12.4922, 'timestamp': '2025-11-06T10:00:10'}, {'taxi_id': 1, 'lat': 41.9028, 'lon': 12.4964, 'timestamp': '2025-11-06T10:00:00'}, {'taxi_id': 1, 'lat': 41.903, 'lon': 12.497, 'timestamp': '2025-11-06T10:00:05'}, {'taxi_id': 2, 'lat': 41.8902, 'lon': 12.4922, 'timestamp': '2025-11-06T10:00:10'}, {'taxi_id': 1, 'lat': 41.9028, 'lon': 12.4964, 'timestamp': '2025-11-06T10:00:00'}, {'taxi_id': 1, 'lat': 41.903, 'lon': 12.497, 'timestamp': '2025-11-06T10:00:05'}]
2025-11-07 11:34:42,359 [INFO] Received: {'taxi_id': 2, 'lat': 41.8902, 'lon': 12.4922, 'timestamp': '2025-11-06T10:00:10'}
2025-11-07 11:34:42,359 [ERROR] Error: from_df(): incompatible function arguments. The following argument types are supported:
    1. (df: pandas.DataFrame, *, connection: duckdb.DuckDBPyConnection = None) -> _duckdb.DuckDBPyRelation

Invoked with: [{'taxi_id': 1, 'lat': 41.9028, 'lon': 12.4964, 'timestamp': '2025-11-06T10:00:00'}, {'taxi_id': 1, 'lat': 41.903, 'lon': 12.497, 'timestamp': '2025-11-06T10:00:05'}, {'taxi_id': 2, 'lat': 41.8902, 'lon': 12.4922, 'timestamp': '2025-11-06T10:00:10'}, {'taxi_id': 1, 'lat': 41.9028, 'lon': 12.4964, 'timestamp': '2025-11-06T10:00:00'}, {'taxi_id': 1, 'lat': 41.903, 'lon': 12.497, 'timestamp': '2025-11-06T10:00:05'}, {'taxi_id': 2, 'lat': 41.8902, 'lon': 12.4922, 'timestamp': '2025-11-06T10:00:10'}, {'taxi_id': 1, 'lat': 41.9028, 'lon': 12.4964, 'timestamp': '2025-11-06T10:00:00'}, {'taxi_id': 1, 'lat': 41.903, 'lon': 12.497, 'timestamp': '2025-11-06T10:00:05'}, {'taxi_id': 2, 'lat': 41.8902, 'lon': 12.4922, 'timestamp': '2025-11-06T10:00:10'}]
2025-11-07 11:36:40,709 [INFO] Received: {'taxi_id': 1, 'lat': 41.9028, 'lon': 12.4964, 'timestamp': '2025-11-06T10:00:00'}
2025-11-07 11:36:40,710 [ERROR] Error: from_df(): incompatible function arguments. The following argument types are supported:
    1. (df: pandas.DataFrame, *, connection: duckdb.DuckDBPyConnection = None) -> _duckdb.DuckDBPyRelation

Invoked with: [{'taxi_id': 1, 'lat': 41.9028, 'lon': 12.4964, 'timestamp': '2025-11-06T10:00:00'}, {'taxi_id': 1, 'lat': 41.903, 'lon': 12.497, 'timestamp': '2025-11-06T10:00:05'}, {'taxi_id': 2, 'lat': 41.8902, 'lon': 12.4922, 'timestamp': '2025-11-06T10:00:10'}, {'taxi_id': 1, 'lat': 41.9028, 'lon': 12.4964, 'timestamp': '2025-11-06T10:00:00'}, {'taxi_id': 1, 'lat': 41.903, 'lon': 12.497, 'timestamp': '2025-11-06T10:00:05'}, {'taxi_id': 2, 'lat': 41.8902, 'lon': 12.4922, 'timestamp': '2025-11-06T10:00:10'}, {'taxi_id': 1, 'lat': 41.9028, 'lon': 12.4964, 'timestamp': '2025-11-06T10:00:00'}, {'taxi_id': 1, 'lat': 41.903, 'lon': 12.497, 'timestamp': '2025-11-06T10:00:05'}, {'taxi_id': 2, 'lat': 41.8902, 'lon': 12.4922, 'timestamp': '2025-11-06T10:00:10'}, {'taxi_id': 1, 'lat': 41.9028, 'lon': 12.4964, 'timestamp': '2025-11-06T10:00:00'}]
2025-11-07 11:36:41,720 [INFO] Received: {'taxi_id': 1, 'lat': 41.903, 'lon': 12.497, 'timestamp': '2025-11-06T10:00:05'}
2025-11-07 11:36:41,720 [ERROR] Error: from_df(): incompatible function arguments. The following argument types are supported:
    1. (df: pandas.DataFrame, *, connection: duckdb.DuckDBPyConnection = None) -> _duckdb.DuckDBPyRelation

Invoked with: [{'taxi_id': 1, 'lat': 41.9028, 'lon': 12.4964, 'timestamp': '2025-11-06T10:00:00'}, {'taxi_id': 1, 'lat': 41.903, 'lon': 12.497, 'timestamp': '2025-11-06T10:00:05'}, {'taxi_id': 2, 'lat': 41.8902, 'lon': 12.4922, 'timestamp': '2025-11-06T10:00:10'}, {'taxi_id': 1, 'lat': 41.9028, 'lon': 12.4964, 'timestamp': '2025-11-06T10:00:00'}, {'taxi_id': 1, 'lat': 41.903, 'lon': 12.497, 'timestamp': '2025-11-06T10:00:05'}, {'taxi_id': 2, 'lat': 41.8902, 'lon': 12.4922, 'timestamp': '2025-11-06T10:00:10'}, {'taxi_id': 1, 'lat': 41.9028, 'lon': 12.4964, 'timestamp': '2025-11-06T10:00:00'}, {'taxi_id': 1, 'lat': 41.903, 'lon': 12.497, 'timestamp': '2025-11-06T10:00:05'}, {'taxi_id': 2, 'lat': 41.8902, 'lon': 12.4922, 'timestamp': '2025-11-06T10:00:10'}, {'taxi_id': 1, 'lat': 41.9028, 'lon': 12.4964, 'timestamp': '2025-11-06T10:00:00'}, {'taxi_id': 1, 'lat': 41.903, 'lon': 12.497, 'timestamp': '2025-11-06T10:00:05'}]
2025-11-07 11:36:42,732 [INFO] Received: {'taxi_id': 2, 'lat': 41.8902, 'lon': 12.4922, 'timestamp': '2025-11-06T10:00:10'}
2025-11-07 11:36:42,733 [ERROR] Error: from_df(): incompatible function arguments. The following argument types are supported:
    1. (df: pandas.DataFrame, *, connection: duckdb.DuckDBPyConnection = None) -> _duckdb.DuckDBPyRelation

Invoked with: [{'taxi_id': 1, 'lat': 41.9028, 'lon': 12.4964, 'timestamp': '2025-11-06T10:00:00'}, {'taxi_id': 1, 'lat': 41.903, 'lon': 12.497, 'timestamp': '2025-11-06T10:00:05'}, {'taxi_id': 2, 'lat': 41.8902, 'lon': 12.4922, 'timestamp': '2025-11-06T10:00:10'}, {'taxi_id': 1, 'lat': 41.9028, 'lon': 12.4964, 'timestamp': '2025-11-06T10:00:00'}, {'taxi_id': 1, 'lat': 41.903, 'lon': 12.497, 'timestamp': '2025-11-06T10:00:05'}, {'taxi_id': 2, 'lat': 41.8902, 'lon': 12.4922, 'timestamp': '2025-11-06T10:00:10'}, {'taxi_id': 1, 'lat': 41.9028, 'lon': 12.4964, 'timestamp': '2025-11-06T10:00:00'}, {'taxi_id': 1, 'lat': 41.903, 'lon': 12.497, 'timestamp': '2025-11-06T10:00:05'}, {'taxi_id': 2, 'lat': 41.8902, 'lon': 12.4922, 'timestamp': '2025-11-06T10:00:10'}, {'taxi_id': 1, 'lat': 41.9028, 'lon': 12.4964, 'timestamp': '2025-11-06T10:00:00'}, {'taxi_id': 1, 'lat': 41.903, 'lon': 12.497, 'timestamp': '2025-11-06T10:00:05'}, {'taxi_id': 2, 'lat': 41.8902, 'lon': 12.4922, 'timestamp': '2025-11-06T10:00:10'}]
2025-11-07 11:39:57,751 [INFO] <BrokerConnection client_id=kafka-python-2.2.15, node_id=bootstrap-0 host=localhost:9092 <connecting> [IPv6 ('::1', 9092, 0, 0)]>: connecting to localhost:9092 [('::1', 9092, 0, 0) IPv6]
2025-11-07 11:39:57,759 [INFO] <BrokerConnection client_id=kafka-python-2.2.15, node_id=bootstrap-0 host=localhost:9092 <checking_api_versions_recv> [IPv6 ('::1', 9092, 0, 0)]>: Broker version identified as 2.6
2025-11-07 11:39:57,759 [INFO] <BrokerConnection client_id=kafka-python-2.2.15, node_id=bootstrap-0 host=localhost:9092 <connected> [IPv6 ('::1', 9092, 0, 0)]>: Connection complete.
2025-11-07 11:39:57,759 [INFO] Updating subscribed topics to: ('gps',)
2025-11-07 11:39:57,762 [INFO] <BrokerConnection client_id=kafka-python-2.2.15, node_id=1 host=localhost:9092 <connecting> [IPv6 ('::1', 9092, 0, 0)]>: connecting to localhost:9092 [('::1', 9092, 0, 0) IPv6]
2025-11-07 11:39:57,868 [INFO] <BrokerConnection client_id=kafka-python-2.2.15, node_id=1 host=localhost:9092 <connected> [IPv6 ('::1', 9092, 0, 0)]>: Connection complete.
2025-11-07 11:39:57,868 [INFO] <BrokerConnection client_id=kafka-python-2.2.15, node_id=bootstrap-0 host=localhost:9092 <connected> [IPv6 ('::1', 9092, 0, 0)]>: Closing connection. 
2025-11-07 11:39:57,978 [INFO] Coordinator for group/gps_group is BrokerMetadata(nodeId='coordinator-1', host='localhost', port=9092, rack=None)
2025-11-07 11:39:57,978 [INFO] Discovered coordinator coordinator-1 for group gps_group
2025-11-07 11:39:57,978 [INFO] Starting new heartbeat thread
2025-11-07 11:39:57,979 [INFO] Revoking previously assigned partitions set() for group gps_group
2025-11-07 11:39:57,979 [INFO] Failed to join group gps_group: NodeNotReadyError: coordinator-1
2025-11-07 11:39:57,980 [INFO] <BrokerConnection client_id=kafka-python-2.2.15, node_id=coordinator-1 host=localhost:9092 <connecting> [IPv6 ('::1', 9092, 0, 0)]>: connecting to localhost:9092 [('::1', 9092, 0, 0) IPv6]
2025-11-07 11:39:58,083 [INFO] Failed to join group gps_group: NodeNotReadyError: coordinator-1
2025-11-07 11:39:58,084 [INFO] <BrokerConnection client_id=kafka-python-2.2.15, node_id=coordinator-1 host=localhost:9092 <connected> [IPv6 ('::1', 9092, 0, 0)]>: Connection complete.
2025-11-07 11:39:58,188 [INFO] (Re-)joining group gps_group
2025-11-07 11:39:58,203 [INFO] Received member id kafka-python-2.2.15-15a02924-c056-4701-be30-b5198fe2e341 for group gps_group; will retry join-group
2025-11-07 11:39:58,203 [INFO] Failed to join group gps_group: [Error 79] MemberIdRequiredError
2025-11-07 11:39:58,204 [INFO] (Re-)joining group gps_group
2025-11-07 11:40:05,223 [INFO] Successfully joined group gps_group <Generation 2 (member_id: kafka-python-2.2.15-15a02924-c056-4701-be30-b5198fe2e341, protocol: range)>
2025-11-07 11:40:05,224 [INFO] Elected group leader -- performing partition assignments using range
2025-11-07 11:40:05,233 [INFO] Updated partition assignment: [TopicPartition(topic='gps', partition=0)]
2025-11-07 11:40:05,233 [INFO] Setting newly assigned partitions {TopicPartition(topic='gps', partition=0)} for group gps_group
2025-11-07 11:40:11,461 [INFO] Received: {'taxi_id': 1, 'lat': 41.9028, 'lon': 12.4964, 'timestamp': '2025-11-06T10:00:00'}
2025-11-07 11:40:12,471 [INFO] Received: {'taxi_id': 1, 'lat': 41.903, 'lon': 12.497, 'timestamp': '2025-11-06T10:00:05'}
2025-11-07 11:40:13,471 [INFO] Received: {'taxi_id': 2, 'lat': 41.8902, 'lon': 12.4922, 'timestamp': '2025-11-06T10:00:10'}
2025-11-07 11:40:13,471 [ERROR] Error: from_df(): incompatible function arguments. The following argument types are supported:
    1. (df: pandas.DataFrame, *, connection: duckdb.DuckDBPyConnection = None) -> _duckdb.DuckDBPyRelation

Invoked with: [{'taxi_id': 1, 'lat': 41.9028, 'lon': 12.4964, 'timestamp': '2025-11-06T10:00:00'}, {'taxi_id': 1, 'lat': 41.903, 'lon': 12.497, 'timestamp': '2025-11-06T10:00:05'}, {'taxi_id': 2, 'lat': 41.8902, 'lon': 12.4922, 'timestamp': '2025-11-06T10:00:10'}]
